{"level":"info","message":"[Mon Apr 24 2017 23:31:46 GMT+0300 (+03)] Executing (default): SELECT `id`, `title`, `description`, `created_at`, `updated_at`, `owner_id` FROM `Projects` AS `Projects` WHERE `Projects`.`owner_id` = '13' LIMIT 1;","timestamp":"2017-04-24T20:31:46.570Z"}
{"level":"info","message":"::1 - - [24/Apr/2017:20:31:46 +0000] \"GET /api/projects/owner/13 HTTP/1.1\" 304 -\n","timestamp":"2017-04-24T20:31:46.590Z"}
{"level":"info","message":"::1 - - [26/Apr/2017:17:22:50 +0000] \"GET / HTTP/1.1\" 200 29\n","timestamp":"2017-04-26T17:22:50.489Z"}
{"level":"info","message":"::1 - - [26/Apr/2017:17:22:50 +0000] \"GET /favicon.ico HTTP/1.1\" 404 150\n","timestamp":"2017-04-26T17:22:50.874Z"}
{"level":"info","message":"::1 - - [26/Apr/2017:17:23:18 +0000] \"GET /register HTTP/1.1\" 404 147\n","timestamp":"2017-04-26T17:23:18.722Z"}
{"level":"info","message":"[Wed Apr 26 2017 20:30:40 GMT+0300 (Arab Standard Time)] Executing (default): SELECT `id`, `name`, `password`, `email`, `bio`, `phone`, `major`, `website`, `states`, `created_at`, `updated_at` FROM `Users` AS `Users`;","timestamp":"2017-04-26T17:30:40.077Z"}
{"level":"info","message":"::1 - - [26/Apr/2017:17:30:40 +0000] \"GET /api/users HTTP/1.1\" 200 2\n","timestamp":"2017-04-26T17:30:40.081Z"}
{"level":"info","message":"::1 - - [26/Apr/2017:17:30:57 +0000] \"GET /api/skills HTTP/1.1\" 404 149\n","timestamp":"2017-04-26T17:30:57.857Z"}
{"level":"info","message":"[Wed Apr 26 2017 20:31:09 GMT+0300 (Arab Standard Time)] Executing (default): SELECT `id`, `title`, `description`, `created_at`, `updated_at`, `owner_id` FROM `Projects` AS `Projects`;","timestamp":"2017-04-26T17:31:09.775Z"}
{"level":"info","message":"::1 - - [26/Apr/2017:17:31:09 +0000] \"GET /api/projects HTTP/1.1\" 200 2\n","timestamp":"2017-04-26T17:31:09.778Z"}
{"level":"info","message":"[Wed Apr 26 2017 20:31:31 GMT+0300 (Arab Standard Time)] Executing (default): SELECT `id`, `name`, `password`, `email`, `bio`, `phone`, `major`, `website`, `states`, `created_at`, `updated_at` FROM `Users` AS `Users`;","timestamp":"2017-04-26T17:31:31.129Z"}
{"level":"info","message":"::1 - - [26/Apr/2017:17:31:31 +0000] \"GET /api/users HTTP/1.1\" 304 -\n","timestamp":"2017-04-26T17:31:31.132Z"}
{"level":"info","message":"::1 - - [26/Apr/2017:17:31:38 +0000] \"POST /api/users HTTP/1.1\" 404 149\n","timestamp":"2017-04-26T17:31:38.391Z"}
{"level":"info","message":"::1 - - [26/Apr/2017:17:32:07 +0000] \"POST /api/users HTTP/1.1\" 404 149\n","timestamp":"2017-04-26T17:32:07.740Z"}
{"level":"info","message":"::1 - - [26/Apr/2017:17:32:49 +0000] \"POST /api/users HTTP/1.1\" 404 149\n","timestamp":"2017-04-26T17:32:49.549Z"}
{"level":"info","message":"[Wed Apr 26 2017 20:33:03 GMT+0300 (Arab Standard Time)] Executing (default): SELECT `id`, `name`, `password`, `email`, `bio`, `phone`, `major`, `website`, `states`, `created_at`, `updated_at` FROM `Users` AS `Users`;","timestamp":"2017-04-26T17:33:03.771Z"}
{"level":"info","message":"::1 - - [26/Apr/2017:17:33:03 +0000] \"GET /api/users HTTP/1.1\" 304 -\n","timestamp":"2017-04-26T17:33:03.773Z"}
{"level":"info","message":"::1 - - [26/Apr/2017:17:33:11 +0000] \"POST /api/users HTTP/1.1\" 404 149\n","timestamp":"2017-04-26T17:33:11.015Z"}
{"level":"info","message":"::1 - - [26/Apr/2017:17:35:13 +0000] \"POST /api/users HTTP/1.1\" 404 149\n","timestamp":"2017-04-26T17:35:13.447Z"}
{"level":"info","message":"[Wed Apr 26 2017 20:35:34 GMT+0300 (Arab Standard Time)] Executing (default): INSERT INTO `Users` (`id`,`name`,`password`,`email`,`states`,`created_at`,`updated_at`) VALUES (DEFAULT,'Waleed Humayed','$2a$10$48SyU6JwTxLo2e/bXCVunul6PETZHh/84pXsEBTduEswlkGK9HcjS','humayed.waleed@gmail.com','PENDING','2017-04-26 17:35:34','2017-04-26 17:35:34');","timestamp":"2017-04-26T17:35:34.391Z"}
{"level":"info","message":"::1 - - [26/Apr/2017:17:35:34 +0000] \"POST /api/register HTTP/1.1\" 200 283\n","timestamp":"2017-04-26T17:35:34.397Z"}
{"level":"info","message":"[Wed Apr 26 2017 20:40:01 GMT+0300 (Arab Standard Time)] Executing (default): SELECT `id`, `name`, `password`, `email`, `bio`, `phone`, `major`, `website`, `states`, `created_at`, `updated_at` FROM `Users` AS `Users`;","timestamp":"2017-04-26T17:40:01.151Z"}
{"level":"info","message":"::1 - - [26/Apr/2017:17:40:01 +0000] \"GET /api/users HTTP/1.1\" 200 415\n","timestamp":"2017-04-26T17:40:01.155Z"}
{"level":"info","message":"[Wed Apr 26 2017 20:41:06 GMT+0300 (Arab Standard Time)] Executing (default): INSERT INTO `Users` (`id`,`name`,`password`,`email`,`states`,`created_at`,`updated_at`) VALUES (DEFAULT,'waleed','$2a$10$yRhMbpTJPnd/rUN1rSvhReEP1ew3hePVI2uN.I2cJkQL4dcnZTN5u','w@w.com','PENDING','2017-04-26 17:41:06','2017-04-26 17:41:06');","timestamp":"2017-04-26T17:41:06.412Z"}
{"level":"info","message":"::1 - - [26/Apr/2017:17:41:06 +0000] \"POST /api/register HTTP/1.1\" 200 258\n","timestamp":"2017-04-26T17:41:06.415Z"}
{"level":"info","message":"::1 - - [26/Apr/2017:17:45:11 +0000] \"POST /api/login HTTP/1.1\" 404 149\n","timestamp":"2017-04-26T17:45:11.593Z"}
{"level":"info","message":"::1 - - [26/Apr/2017:17:46:12 +0000] \"POST /api/login HTTP/1.1\" 404 149\n","timestamp":"2017-04-26T17:46:12.763Z"}
{"level":"info","message":"[Wed Apr 26 2017 20:46:48 GMT+0300 (Arab Standard Time)] Executing (default): SELECT `id`, `name`, `password`, `email`, `bio`, `phone`, `major`, `website`, `states`, `created_at`, `updated_at` FROM `Users` AS `Users`;","timestamp":"2017-04-26T17:46:48.423Z"}
{"level":"info","message":"::1 - - [26/Apr/2017:17:46:48 +0000] \"GET /api/users HTTP/1.1\" 200 803\n","timestamp":"2017-04-26T17:46:48.428Z"}
{"level":"info","message":"::1 - - [26/Apr/2017:17:46:53 +0000] \"GET /api/login HTTP/1.1\" 404 148\n","timestamp":"2017-04-26T17:46:53.345Z"}
{"level":"info","message":"::1 - - [26/Apr/2017:17:47:03 +0000] \"POST /api/login HTTP/1.1\" 404 149\n","timestamp":"2017-04-26T17:47:03.957Z"}
{"level":"info","message":"::1 - - [26/Apr/2017:17:48:47 +0000] \"POST /api/login HTTP/1.1\" 401 12\n","timestamp":"2017-04-26T17:48:47.187Z"}
{"level":"info","message":"::1 - - [26/Apr/2017:17:49:15 +0000] \"POST /api/login HTTP/1.1\" 401 12\n","timestamp":"2017-04-26T17:49:15.620Z"}
{"level":"info","message":"::1 - - [26/Apr/2017:17:49:22 +0000] \"POST /api/login HTTP/1.1\" 401 12\n","timestamp":"2017-04-26T17:49:22.615Z"}
{"level":"info","message":"::1 - - [26/Apr/2017:17:49:35 +0000] \"POST /api/login HTTP/1.1\" 401 12\n","timestamp":"2017-04-26T17:49:35.818Z"}
{"level":"info","message":"::1 - - [26/Apr/2017:17:51:55 +0000] \"POST /api/login HTTP/1.1\" 401 12\n","timestamp":"2017-04-26T17:51:55.961Z"}
{"level":"info","message":"::1 - - [26/Apr/2017:17:52:45 +0000] \"POST /api/login HTTP/1.1\" 401 12\n","timestamp":"2017-04-26T17:52:45.742Z"}
{"level":"info","message":"[Wed Apr 26 2017 20:54:07 GMT+0300 (Arab Standard Time)] Executing (default): SELECT `id`, `name`, `password`, `email`, `bio`, `phone`, `major`, `website`, `states`, `created_at`, `updated_at` FROM `Users` AS `Users`;","timestamp":"2017-04-26T17:54:07.406Z"}
{"level":"info","message":"::1 - - [26/Apr/2017:17:54:07 +0000] \"GET /api/users HTTP/1.1\" 304 -\n","timestamp":"2017-04-26T17:54:07.410Z"}
{"level":"info","message":"[Wed Apr 26 2017 20:57:27 GMT+0300 (Arab Standard Time)] Executing (default): INSERT INTO `Users` (`id`,`name`,`password`,`email`,`states`,`created_at`,`updated_at`) VALUES (DEFAULT,'zeezo','$2a$10$YAbeLMNrqT87/PlPaG7bqOuUm8xAusRUiR.bFiGX2Iz6DRPANQNI2','zeezo.oh@gmail.com','PENDING','2017-04-26 17:57:27','2017-04-26 17:57:27');","timestamp":"2017-04-26T17:57:27.268Z"}
{"level":"info","message":"::1 - - [26/Apr/2017:17:57:27 +0000] \"POST /api/register HTTP/1.1\" 200 268\n","timestamp":"2017-04-26T17:57:27.272Z"}
{"level":"info","message":"::1 - - [26/Apr/2017:17:59:06 +0000] \"POST /api/login HTTP/1.1\" 401 12\n","timestamp":"2017-04-26T17:59:06.857Z"}
{"level":"info","message":"::1 - - [26/Apr/2017:17:59:12 +0000] \"GET /api/skills HTTP/1.1\" 404 149\n","timestamp":"2017-04-26T17:59:12.970Z"}
{"level":"info","message":"[Wed Apr 26 2017 21:01:42 GMT+0300 (Arab Standard Time)] Executing (default): SELECT `id`, `name`, `password`, `email`, `bio`, `phone`, `major`, `website`, `states`, `created_at`, `updated_at` FROM `Users` AS `Users`;","timestamp":"2017-04-26T18:01:42.533Z"}
{"level":"info","message":"::1 - - [26/Apr/2017:18:01:42 +0000] \"GET /api/users HTTP/1.1\" 200 -\n","timestamp":"2017-04-26T18:01:42.548Z"}
{"level":"info","message":"[Wed Apr 26 2017 21:02:53 GMT+0300 (Arab Standard Time)] Executing (default): SELECT `id`, `name`, `password`, `email`, `bio`, `phone`, `major`, `website`, `states`, `created_at`, `updated_at` FROM `Users` AS `Users`;","timestamp":"2017-04-26T18:02:53.016Z"}
{"level":"info","message":"::1 - - [26/Apr/2017:18:02:53 +0000] \"GET /api/users HTTP/1.1\" 304 -\n","timestamp":"2017-04-26T18:02:53.019Z"}
{"level":"info","message":"::1 - - [26/Apr/2017:18:03:03 +0000] \"POST /api/login HTTP/1.1\" 401 12\n","timestamp":"2017-04-26T18:03:03.140Z"}
{"level":"info","message":"::1 - - [26/Apr/2017:18:03:13 +0000] \"POST /api/login HTTP/1.1\" 401 12\n","timestamp":"2017-04-26T18:03:13.535Z"}
{"level":"info","message":"::1 - - [26/Apr/2017:18:03:30 +0000] \"POST /api/login HTTP/1.1\" 401 12\n","timestamp":"2017-04-26T18:03:30.103Z"}
{"level":"info","message":"[Wed Apr 26 2017 21:05:14 GMT+0300 (Arab Standard Time)] Executing (default): SELECT `id`, `name`, `password`, `email`, `bio`, `phone`, `major`, `website`, `states`, `created_at`, `updated_at` FROM `Users` AS `Users`;","timestamp":"2017-04-26T18:05:14.582Z"}
{"level":"info","message":"::1 - - [26/Apr/2017:18:05:14 +0000] \"GET /api/users HTTP/1.1\" 304 -\n","timestamp":"2017-04-26T18:05:14.598Z"}
{"level":"info","message":"[Wed Apr 26 2017 21:05:18 GMT+0300 (Arab Standard Time)] Executing (default): SELECT `id`, `name`, `password`, `email`, `bio`, `phone`, `major`, `website`, `states`, `created_at`, `updated_at` FROM `Users` AS `Users`;","timestamp":"2017-04-26T18:05:18.529Z"}
{"level":"info","message":"::1 - - [26/Apr/2017:18:05:18 +0000] \"GET /api/users HTTP/1.1\" 304 -\n","timestamp":"2017-04-26T18:05:18.531Z"}
{"level":"info","message":"::1 - - [26/Apr/2017:18:05:32 +0000] \"POST /api/login HTTP/1.1\" 401 12\n","timestamp":"2017-04-26T18:05:32.113Z"}
{"level":"info","message":"::1 - - [26/Apr/2017:18:06:11 +0000] \"POST /api/login HTTP/1.1\" 401 12\n","timestamp":"2017-04-26T18:06:11.454Z"}
{"level":"info","message":"[Wed Apr 26 2017 21:09:24 GMT+0300 (Arab Standard Time)] Executing (default): SELECT `id`, `name`, `password`, `email`, `bio`, `phone`, `major`, `website`, `states`, `created_at`, `updated_at` FROM `Users` AS `Users`;","timestamp":"2017-04-26T18:09:24.124Z"}
{"level":"info","message":"::1 - - [26/Apr/2017:18:09:24 +0000] \"GET /api/users HTTP/1.1\" 304 -\n","timestamp":"2017-04-26T18:09:24.137Z"}
{"level":"info","message":"::1 - - [26/Apr/2017:18:09:25 +0000] \"POST /api/login HTTP/1.1\" 401 12\n","timestamp":"2017-04-26T18:09:25.655Z"}
{"level":"info","message":"[Wed Apr 26 2017 21:09:27 GMT+0300 (Arab Standard Time)] Executing (default): SELECT `id`, `name`, `password`, `email`, `bio`, `phone`, `major`, `website`, `states`, `created_at`, `updated_at` FROM `Users` AS `Users`;","timestamp":"2017-04-26T18:09:27.938Z"}
{"level":"info","message":"::1 - - [26/Apr/2017:18:09:27 +0000] \"GET /api/users HTTP/1.1\" 304 -\n","timestamp":"2017-04-26T18:09:27.940Z"}
{"level":"info","message":"::1 - - [26/Apr/2017:18:10:27 +0000] \"POST /api/login HTTP/1.1\" 401 12\n","timestamp":"2017-04-26T18:10:27.977Z"}
{"level":"info","message":"[Wed Apr 26 2017 21:10:29 GMT+0300 (Arab Standard Time)] Executing (default): SELECT `id`, `name`, `password`, `email`, `bio`, `phone`, `major`, `website`, `states`, `created_at`, `updated_at` FROM `Users` AS `Users`;","timestamp":"2017-04-26T18:10:29.612Z"}
{"level":"info","message":"::1 - - [26/Apr/2017:18:10:29 +0000] \"GET /api/users HTTP/1.1\" 304 -\n","timestamp":"2017-04-26T18:10:29.616Z"}
{"level":"info","message":"[Wed Apr 26 2017 21:11:11 GMT+0300 (Arab Standard Time)] Executing (default): SELECT `id`, `name`, `password`, `email`, `bio`, `phone`, `major`, `website`, `states`, `created_at`, `updated_at` FROM `Users` AS `Users`;","timestamp":"2017-04-26T18:11:11.452Z"}
{"level":"info","message":"::1 - - [26/Apr/2017:18:11:11 +0000] \"GET /api/users HTTP/1.1\" 304 -\n","timestamp":"2017-04-26T18:11:11.463Z"}
{"level":"info","message":"::1 - - [26/Apr/2017:18:11:12 +0000] \"POST /api/login HTTP/1.1\" 401 12\n","timestamp":"2017-04-26T18:11:12.691Z"}
{"level":"info","message":"[Wed Apr 26 2017 21:11:14 GMT+0300 (Arab Standard Time)] Executing (default): SELECT `id`, `name`, `password`, `email`, `bio`, `phone`, `major`, `website`, `states`, `created_at`, `updated_at` FROM `Users` AS `Users`;","timestamp":"2017-04-26T18:11:14.071Z"}
{"level":"info","message":"::1 - - [26/Apr/2017:18:11:14 +0000] \"GET /api/users HTTP/1.1\" 304 -\n","timestamp":"2017-04-26T18:11:14.073Z"}
{"level":"info","message":"[Wed Apr 26 2017 21:15:40 GMT+0300 (Arab Standard Time)] Executing (default): SELECT `id`, `name`, `password`, `email`, `bio`, `phone`, `major`, `website`, `states`, `created_at`, `updated_at` FROM `Users` AS `Users`;","timestamp":"2017-04-26T18:15:40.915Z"}
{"level":"info","message":"::1 - - [26/Apr/2017:18:15:40 +0000] \"GET /api/users HTTP/1.1\" 304 -\n","timestamp":"2017-04-26T18:15:40.923Z"}
{"level":"info","message":"[Wed Apr 26 2017 21:15:42 GMT+0300 (Arab Standard Time)] Executing (default): SELECT `id`, `name`, `password`, `email`, `bio`, `phone`, `major`, `website`, `states`, `created_at`, `updated_at` FROM `Users` AS `Users`;","timestamp":"2017-04-26T18:15:42.150Z"}
{"level":"info","message":"::1 - - [26/Apr/2017:18:15:42 +0000] \"GET /api/users HTTP/1.1\" 304 -\n","timestamp":"2017-04-26T18:15:42.153Z"}
{"level":"info","message":"::1 - - [26/Apr/2017:18:18:11 +0000] \"GET /users HTTP/1.1\" 404 144\n","timestamp":"2017-04-26T18:18:11.948Z"}
{"level":"info","message":"[Wed Apr 26 2017 21:18:19 GMT+0300 (Arab Standard Time)] Executing (default): SELECT `id`, `name`, `password`, `email`, `bio`, `phone`, `major`, `website`, `states`, `created_at`, `updated_at` FROM `Users` AS `Users`;","timestamp":"2017-04-26T18:18:19.595Z"}
{"level":"info","message":"::1 - - [26/Apr/2017:18:18:19 +0000] \"GET /api/users HTTP/1.1\" 200 -\n","timestamp":"2017-04-26T18:18:19.603Z"}
{"level":"info","message":"::1 - - [26/Apr/2017:18:19:02 +0000] \"POST /api/login HTTP/1.1\" 401 12\n","timestamp":"2017-04-26T18:19:02.370Z"}
{"level":"info","message":"[Wed Apr 26 2017 21:19:31 GMT+0300 (Arab Standard Time)] Executing (default): SELECT `id`, `name`, `password`, `email`, `bio`, `phone`, `major`, `website`, `states`, `created_at`, `updated_at` FROM `Users` AS `Users` WHERE `Users`.`email` = 'w@w.com' LIMIT 1;","timestamp":"2017-04-26T18:19:31.287Z"}
{"level":"info","message":"::1 - - [26/Apr/2017:18:19:31 +0000] \"POST /api/login HTTP/1.1\" 200 111\n","timestamp":"2017-04-26T18:19:31.345Z"}
{"level":"info","message":"[Wed Apr 26 2017 21:25:33 GMT+0300 (Arab Standard Time)] Executing (default): SELECT `id`, `name`, `password`, `email`, `bio`, `phone`, `major`, `website`, `states`, `created_at`, `updated_at` FROM `Users` AS `Users`;","timestamp":"2017-04-26T18:25:33.009Z"}
{"level":"info","message":"::1 - - [26/Apr/2017:18:25:33 +0000] \"GET /api/users HTTP/1.1\" 304 -\n","timestamp":"2017-04-26T18:25:33.011Z"}
{"level":"info","message":"::1 - - [26/Apr/2017:18:26:02 +0000] \"POST /api/login HTTP/1.1\" 401 12\n","timestamp":"2017-04-26T18:26:02.006Z"}
{"level":"info","message":"::1 - - [26/Apr/2017:18:26:16 +0000] \"POST /api/login HTTP/1.1\" 401 12\n","timestamp":"2017-04-26T18:26:16.641Z"}
{"level":"info","message":"[Wed Apr 26 2017 21:27:28 GMT+0300 (Arab Standard Time)] Executing (default): SELECT `id`, `name`, `password`, `email`, `bio`, `phone`, `major`, `website`, `states`, `created_at`, `updated_at` FROM `Users` AS `Users`;","timestamp":"2017-04-26T18:27:28.472Z"}
{"level":"info","message":"::1 - - [26/Apr/2017:18:27:28 +0000] \"GET /api/users HTTP/1.1\" 304 -\n","timestamp":"2017-04-26T18:27:28.475Z"}
{"level":"info","message":"[Wed Apr 26 2017 21:27:30 GMT+0300 (Arab Standard Time)] Executing (default): SELECT `id`, `name`, `password`, `email`, `bio`, `phone`, `major`, `website`, `states`, `created_at`, `updated_at` FROM `Users` AS `Users`;","timestamp":"2017-04-26T18:27:30.461Z"}
{"level":"info","message":"::1 - - [26/Apr/2017:18:27:30 +0000] \"GET /api/users HTTP/1.1\" 304 -\n","timestamp":"2017-04-26T18:27:30.463Z"}
{"level":"info","message":"[Wed Apr 26 2017 21:28:16 GMT+0300 (Arab Standard Time)] Executing (default): SELECT `id`, `name`, `password`, `email`, `bio`, `phone`, `major`, `website`, `states`, `created_at`, `updated_at` FROM `Users` AS `Users` WHERE `Users`.`email` = 'w@w.com' LIMIT 1;","timestamp":"2017-04-26T18:28:16.642Z"}
{"level":"info","message":"::1 - - [26/Apr/2017:18:28:16 +0000] \"POST /api/login HTTP/1.1\" 200 111\n","timestamp":"2017-04-26T18:28:16.697Z"}
{"level":"info","message":"[Wed Apr 26 2017 21:28:44 GMT+0300 (Arab Standard Time)] Executing (default): SELECT `id`, `name`, `password`, `email`, `bio`, `phone`, `major`, `website`, `states`, `created_at`, `updated_at` FROM `Users` AS `Users`;","timestamp":"2017-04-26T18:28:44.598Z"}
{"level":"info","message":"::1 - - [26/Apr/2017:18:28:44 +0000] \"GET /api/users HTTP/1.1\" 304 -\n","timestamp":"2017-04-26T18:28:44.602Z"}
{"level":"info","message":"[Wed Apr 26 2017 21:28:47 GMT+0300 (Arab Standard Time)] Executing (default): SELECT `id`, `name`, `password`, `email`, `bio`, `phone`, `major`, `website`, `states`, `created_at`, `updated_at` FROM `Users` AS `Users`;","timestamp":"2017-04-26T18:28:47.980Z"}
{"level":"info","message":"::1 - - [26/Apr/2017:18:28:47 +0000] \"GET /api/users HTTP/1.1\" 304 -\n","timestamp":"2017-04-26T18:28:47.983Z"}
{"level":"info","message":"::1 - - [26/Apr/2017:18:28:49 +0000] \"GET /api/skills HTTP/1.1\" 404 149\n","timestamp":"2017-04-26T18:28:49.224Z"}
{"level":"info","message":"[Wed Apr 26 2017 21:28:50 GMT+0300 (Arab Standard Time)] Executing (default): SELECT `id`, `title`, `description`, `created_at`, `updated_at`, `owner_id` FROM `Projects` AS `Projects`;","timestamp":"2017-04-26T18:28:50.903Z"}
{"level":"info","message":"::1 - - [26/Apr/2017:18:28:50 +0000] \"GET /api/projects HTTP/1.1\" 304 -\n","timestamp":"2017-04-26T18:28:50.904Z"}
{"level":"info","message":"::1 - - [26/Apr/2017:18:29:30 +0000] \"POST /api/projects HTTP/1.1\" 404 152\n","timestamp":"2017-04-26T18:29:30.841Z"}
{"level":"info","message":"::1 - - [26/Apr/2017:18:29:51 +0000] \"GET /api/myprojects HTTP/1.1\" 401 -\n","timestamp":"2017-04-26T18:29:51.436Z"}
{"level":"info","message":"::1 - - [28/Apr/2017:14:37:16 +0000] \"GET / HTTP/1.1\" 200 29\n","timestamp":"2017-04-28T14:37:16.167Z"}
{"level":"info","message":"[Fri Apr 28 2017 17:37:36 GMT+0300 (Arab Standard Time)] Executing (default): SELECT `id`, `name`, `password`, `email`, `bio`, `phone`, `major`, `website`, `states`, `token`, `created_at`, `updated_at` FROM `Users` AS `Users`;","timestamp":"2017-04-28T14:37:36.651Z"}
{"level":"info","message":"::1 - - [28/Apr/2017:14:37:36 +0000] \"GET /api/users HTTP/1.1\" 200 2\n","timestamp":"2017-04-28T14:37:36.655Z"}
{"level":"info","message":"[Fri Apr 28 2017 17:38:09 GMT+0300 (Arab Standard Time)] Executing (default): INSERT INTO `Users` (`id`,`name`,`password`,`email`,`states`,`created_at`,`updated_at`) VALUES (DEFAULT,'Waleed Humayed','$2a$10$UxiJrEFYW/68.4f4NfaNy.tIiCN/MN3.IFAdOA9JSIi753ojLPO9m','w@w.com','PENDING','2017-04-28 14:38:09','2017-04-28 14:38:09');","timestamp":"2017-04-28T14:38:09.337Z"}
{"level":"info","message":"::1 - - [28/Apr/2017:14:38:09 +0000] \"POST /api/register HTTP/1.1\" 200 266\n","timestamp":"2017-04-28T14:38:09.343Z"}
{"level":"info","message":"::1 - - [28/Apr/2017:14:38:23 +0000] \"GET /api/index HTTP/1.1\" 404 148\n","timestamp":"2017-04-28T14:38:23.267Z"}
{"level":"info","message":"[Fri Apr 28 2017 17:38:29 GMT+0300 (Arab Standard Time)] Executing (default): SELECT `id`, `name`, `password`, `email`, `bio`, `phone`, `major`, `website`, `states`, `token`, `created_at`, `updated_at` FROM `Users` AS `Users`;","timestamp":"2017-04-28T14:38:29.226Z"}
{"level":"info","message":"::1 - - [28/Apr/2017:14:38:29 +0000] \"GET /api/users HTTP/1.1\" 200 421\n","timestamp":"2017-04-28T14:38:29.229Z"}
{"level":"info","message":"[Fri Apr 28 2017 17:38:52 GMT+0300 (Arab Standard Time)] Executing (default): SELECT `id`, `name`, `password`, `email`, `bio`, `phone`, `major`, `website`, `states`, `token`, `created_at`, `updated_at` FROM `Users` AS `Users` WHERE `Users`.`email` = 'w@w.com' LIMIT 1;","timestamp":"2017-04-28T14:38:52.394Z"}
{"level":"info","message":"[Fri Apr 28 2017 17:38:52 GMT+0300 (Arab Standard Time)] Executing (default): UPDATE `Users` SET `token`='eyJ0eXAiOiJKV1QiLCJhbGciOiJIUzI1NiJ9.eyJpZCI6MX0._gHscZDVfC_l4fg2lNllSRv6A18LC3pjzFfOQ-oytlY',`updated_at`='2017-04-28 14:38:52' WHERE `id` = 1","timestamp":"2017-04-28T14:38:52.457Z"}
{"level":"info","message":"::1 - - [28/Apr/2017:14:38:52 +0000] \"POST /api/login HTTP/1.1\" 200 111\n","timestamp":"2017-04-28T14:38:52.458Z"}
{"level":"info","message":"[Fri Apr 28 2017 17:42:27 GMT+0300 (Arab Standard Time)] Executing (default): SELECT `id`, `title`, `description`, `created_at`, `updated_at`, `owner_id` FROM `Projects` AS `Projects`;","timestamp":"2017-04-28T14:42:27.330Z"}
{"level":"info","message":"::1 - - [28/Apr/2017:14:42:27 +0000] \"GET /api/projects HTTP/1.1\" 304 -\n","timestamp":"2017-04-28T14:42:27.332Z"}
{"level":"info","message":"[Fri Apr 28 2017 17:42:31 GMT+0300 (Arab Standard Time)] Executing (default): SELECT `id`, `name`, `password`, `email`, `bio`, `phone`, `major`, `website`, `states`, `token`, `created_at`, `updated_at` FROM `Users` AS `Users`;","timestamp":"2017-04-28T14:42:31.317Z"}
{"level":"info","message":"::1 - - [28/Apr/2017:14:42:31 +0000] \"GET /api/users HTTP/1.1\" 200 511\n","timestamp":"2017-04-28T14:42:31.318Z"}
{"level":"info","message":"[Fri Apr 28 2017 21:11:04 GMT+0300 (Arab Standard Time)] Executing (default): SELECT `id`, `name`, `password`, `email`, `bio`, `phone`, `major`, `website`, `states`, `token`, `created_at`, `updated_at` FROM `Users` AS `Users`;","timestamp":"2017-04-28T18:11:04.893Z"}
{"level":"info","message":"::1 - - [28/Apr/2017:18:11:04 +0000] \"GET /api/users HTTP/1.1\" 304 -\n","timestamp":"2017-04-28T18:11:04.900Z"}
{"level":"info","message":"[Fri Apr 28 2017 21:12:23 GMT+0300 (Arab Standard Time)] Executing (default): SELECT `id`, `name`, `password`, `email`, `bio`, `phone`, `major`, `website`, `states`, `token`, `created_at`, `updated_at` FROM `Users` AS `Users`;","timestamp":"2017-04-28T18:12:23.314Z"}
{"level":"info","message":"::1 - - [28/Apr/2017:18:12:23 +0000] \"GET /api/users HTTP/1.1\" 304 -\n","timestamp":"2017-04-28T18:12:23.317Z"}
{"level":"info","message":"[Fri Apr 28 2017 21:12:46 GMT+0300 (Arab Standard Time)] Executing (default): SELECT `id`, `name`, `password`, `email`, `bio`, `phone`, `major`, `website`, `states`, `token`, `created_at`, `updated_at` FROM `Users` AS `Users`;","timestamp":"2017-04-28T18:12:46.546Z"}
{"level":"info","message":"::1 - - [28/Apr/2017:18:12:46 +0000] \"GET /api/users HTTP/1.1\" 304 -\n","timestamp":"2017-04-28T18:12:46.549Z"}
{"level":"info","message":"[Fri Apr 28 2017 21:13:05 GMT+0300 (Arab Standard Time)] Executing (default): SELECT `id`, `name`, `password`, `email`, `bio`, `phone`, `major`, `website`, `states`, `token`, `created_at`, `updated_at` FROM `Users` AS `Users`;","timestamp":"2017-04-28T18:13:05.927Z"}
{"level":"info","message":"::1 - - [28/Apr/2017:18:13:05 +0000] \"GET /api/users HTTP/1.1\" 304 -\n","timestamp":"2017-04-28T18:13:05.929Z"}
{"level":"info","message":"[Fri Apr 28 2017 21:13:11 GMT+0300 (Arab Standard Time)] Executing (default): SELECT `id`, `name`, `password`, `email`, `bio`, `phone`, `major`, `website`, `states`, `token`, `created_at`, `updated_at` FROM `Users` AS `Users` WHERE `Users`.`email` = 'w@w.com' LIMIT 1;","timestamp":"2017-04-28T18:13:11.064Z"}
{"level":"info","message":"::1 - - [28/Apr/2017:18:13:11 +0000] \"POST /api/login HTTP/1.1\" 200 111\n","timestamp":"2017-04-28T18:13:11.124Z"}
{"level":"info","message":"[Fri Apr 28 2017 21:13:51 GMT+0300 (Arab Standard Time)] Executing (default): SELECT `id`, `name`, `password`, `email`, `bio`, `phone`, `major`, `website`, `states`, `token`, `created_at`, `updated_at` FROM `Users` AS `Users`;","timestamp":"2017-04-28T18:13:51.247Z"}
{"level":"info","message":"::1 - - [28/Apr/2017:18:13:51 +0000] \"GET /api/users HTTP/1.1\" 304 -\n","timestamp":"2017-04-28T18:13:51.249Z"}
{"level":"info","message":"::1 - - [28/Apr/2017:18:13:58 +0000] \"GET /api/skills HTTP/1.1\" 404 149\n","timestamp":"2017-04-28T18:13:58.912Z"}
{"level":"info","message":"[Fri Apr 28 2017 21:14:28 GMT+0300 (Arab Standard Time)] Executing (default): SELECT `id`, `name`, `password`, `email`, `bio`, `phone`, `major`, `website`, `states`, `token`, `created_at`, `updated_at` FROM `Users` AS `Users`;","timestamp":"2017-04-28T18:14:28.985Z"}
{"level":"info","message":"::1 - - [28/Apr/2017:18:14:28 +0000] \"GET /api/users HTTP/1.1\" 304 -\n","timestamp":"2017-04-28T18:14:28.988Z"}
{"level":"info","message":"[Fri Apr 28 2017 21:15:23 GMT+0300 (Arab Standard Time)] Executing (default): SELECT `id`, `name`, `password`, `email`, `bio`, `phone`, `major`, `website`, `states`, `token`, `created_at`, `updated_at` FROM `Users` AS `Users`;","timestamp":"2017-04-28T18:15:23.375Z"}
{"level":"info","message":"::1 - - [28/Apr/2017:18:15:23 +0000] \"GET /api/users HTTP/1.1\" 304 -\n","timestamp":"2017-04-28T18:15:23.378Z"}
{"level":"info","message":"[Fri Apr 28 2017 21:15:27 GMT+0300 (Arab Standard Time)] Executing (default): SELECT `id`, `name`, `password`, `email`, `bio`, `phone`, `major`, `website`, `states`, `token`, `created_at`, `updated_at` FROM `Users` AS `Users` WHERE `Users`.`email` = 'w@w.com' LIMIT 1;","timestamp":"2017-04-28T18:15:27.576Z"}
{"level":"info","message":"::1 - - [28/Apr/2017:18:15:27 +0000] \"POST /api/login HTTP/1.1\" 200 111\n","timestamp":"2017-04-28T18:15:27.634Z"}
{"level":"info","message":"[Fri Apr 28 2017 21:15:34 GMT+0300 (Arab Standard Time)] Executing (default): SELECT `id`, `name`, `password`, `email`, `bio`, `phone`, `major`, `website`, `states`, `token`, `created_at`, `updated_at` FROM `Users` AS `Users`;","timestamp":"2017-04-28T18:15:34.083Z"}
{"level":"info","message":"::1 - - [28/Apr/2017:18:15:34 +0000] \"GET /api/users HTTP/1.1\" 304 -\n","timestamp":"2017-04-28T18:15:34.084Z"}
{"level":"info","message":"[Fri Apr 28 2017 21:16:43 GMT+0300 (Arab Standard Time)] Executing (default): SELECT `id`, `name`, `password`, `email`, `bio`, `phone`, `major`, `website`, `states`, `token`, `created_at`, `updated_at` FROM `Users` AS `Users`;","timestamp":"2017-04-28T18:16:43.048Z"}
{"level":"info","message":"::1 - - [28/Apr/2017:18:16:43 +0000] \"GET /api/users HTTP/1.1\" 304 -\n","timestamp":"2017-04-28T18:16:43.051Z"}
{"level":"info","message":"[Fri Apr 28 2017 21:17:15 GMT+0300 (Arab Standard Time)] Executing (default): SELECT `id`, `name`, `password`, `email`, `bio`, `phone`, `major`, `website`, `states`, `token`, `created_at`, `updated_at` FROM `Users` AS `Users`;","timestamp":"2017-04-28T18:17:15.390Z"}
{"level":"info","message":"::1 - - [28/Apr/2017:18:17:15 +0000] \"GET /api/users HTTP/1.1\" 304 -\n","timestamp":"2017-04-28T18:17:15.391Z"}
{"level":"info","message":"[Fri Apr 28 2017 21:18:29 GMT+0300 (Arab Standard Time)] Executing (default): SELECT `id`, `name`, `password`, `email`, `bio`, `phone`, `major`, `website`, `states`, `token`, `created_at`, `updated_at` FROM `Users` AS `Users`;","timestamp":"2017-04-28T18:18:29.542Z"}
{"level":"info","message":"::1 - - [28/Apr/2017:18:18:29 +0000] \"GET /api/users HTTP/1.1\" 304 -\n","timestamp":"2017-04-28T18:18:29.543Z"}
{"level":"info","message":"[Fri Apr 28 2017 23:02:58 GMT+0300 (Arab Standard Time)] Executing (default): SELECT `id`, `name`, `password`, `email`, `bio`, `phone`, `major`, `website`, `states`, `token`, `created_at`, `updated_at` FROM `Users` AS `Users`;","timestamp":"2017-04-28T20:02:58.504Z"}
{"level":"info","message":"::1 - - [28/Apr/2017:20:02:58 +0000] \"GET /api/users HTTP/1.1\" 200 696\n","timestamp":"2017-04-28T20:02:58.517Z"}
{"level":"info","message":"[Fri Apr 28 2017 23:03:29 GMT+0300 (Arab Standard Time)] Executing (default): INSERT INTO `Users` (`id`,`name`,`password`,`email`,`states`,`created_at`,`updated_at`) VALUES (DEFAULT,'a','$2a$10$/0EL3XrQTl1Tx0ykktoHueavcKUN7Gw.QSS0JCP/UX0UAqUPANj56','a@a.com','PENDING','2017-04-28 20:03:29','2017-04-28 20:03:29');","timestamp":"2017-04-28T20:03:29.830Z"}
{"level":"info","message":"::1 - - [28/Apr/2017:20:03:29 +0000] \"POST /api/register HTTP/1.1\" 200 253\n","timestamp":"2017-04-28T20:03:29.844Z"}
{"level":"info","message":"[Fri Apr 28 2017 23:03:37 GMT+0300 (Arab Standard Time)] Executing (default): SELECT `id`, `name`, `password`, `email`, `bio`, `phone`, `major`, `website`, `states`, `token`, `created_at`, `updated_at` FROM `Users` AS `Users`;","timestamp":"2017-04-28T20:03:37.315Z"}
{"level":"info","message":"::1 - - [28/Apr/2017:20:03:37 +0000] \"GET /api/users HTTP/1.1\" 200 -\n","timestamp":"2017-04-28T20:03:37.344Z"}
{"level":"info","message":"[Fri Apr 28 2017 23:03:44 GMT+0300 (Arab Standard Time)] Executing (default): SELECT `id`, `name`, `password`, `email`, `bio`, `phone`, `major`, `website`, `states`, `token`, `created_at`, `updated_at` FROM `Users` AS `Users` WHERE `Users`.`email` = 'a@a.com' LIMIT 1;","timestamp":"2017-04-28T20:03:44.155Z"}
{"level":"info","message":"[Fri Apr 28 2017 23:03:44 GMT+0300 (Arab Standard Time)] Executing (default): UPDATE `Users` SET `token`='eyJ0eXAiOiJKV1QiLCJhbGciOiJIUzI1NiJ9.eyJpZCI6M30.IjN7mIFEYqLWPAXk-XyU5JcXK4CyT3_Xzv4vojgf74g',`updated_at`='2017-04-28 20:03:44' WHERE `id` = 3","timestamp":"2017-04-28T20:03:44.216Z"}
{"level":"info","message":"::1 - - [28/Apr/2017:20:03:44 +0000] \"POST /api/login HTTP/1.1\" 401 111\n","timestamp":"2017-04-28T20:03:44.225Z"}
{"level":"info","message":"[Fri Apr 28 2017 23:10:54 GMT+0300 (Arab Standard Time)] Executing (default): SELECT `id`, `name`, `password`, `email`, `bio`, `phone`, `major`, `website`, `states`, `token`, `created_at`, `updated_at` FROM `Users` AS `Users`;","timestamp":"2017-04-28T20:10:54.529Z"}
{"level":"info","message":"::1 - - [28/Apr/2017:20:10:54 +0000] \"GET /api/users HTTP/1.1\" 200 -\n","timestamp":"2017-04-28T20:10:54.551Z"}
{"level":"info","message":"[Fri Apr 28 2017 23:11:14 GMT+0300 (Arab Standard Time)] Executing (default): SELECT `id`, `name`, `password`, `email`, `bio`, `phone`, `major`, `website`, `states`, `token`, `created_at`, `updated_at` FROM `Users` AS `Users` WHERE `Users`.`email` = 'a@a.com' LIMIT 1;","timestamp":"2017-04-28T20:11:14.530Z"}
{"level":"info","message":"::1 - - [28/Apr/2017:20:11:38 +0000] \"POST /api/login HTTP/1.1\" - -\n","timestamp":"2017-04-28T20:11:38.216Z"}
{"level":"info","message":"[Fri Apr 28 2017 23:11:38 GMT+0300 (Arab Standard Time)] Executing (default): SELECT `id`, `name`, `password`, `email`, `bio`, `phone`, `major`, `website`, `states`, `token`, `created_at`, `updated_at` FROM `Users` AS `Users` WHERE `Users`.`email` = 'a@a.com' LIMIT 1;","timestamp":"2017-04-28T20:11:38.222Z"}
